# JRE version: Java(TM) SE Runtime Environment (8.0_191-b12) (build 1.8.0_191-b12)
# Java VM: Java HotSpot(TM) 64-Bit Server VM (25.191-b12 mixed mode windows-amd64 compressed oops)
Heap:
 PSYoungGen      total 26624K, used 3215K [0x00000000f0580000, 0x00000000f4080000, 0x0000000100000000)
  eden space 24576K, 4% used [0x00000000f0580000,0x00000000f06abd28,0x00000000f1d80000)
  from space 2048K, 98% used [0x00000000f1d80000,0x00000000f1f78030,0x00000000f1f80000)
  to   space 5632K, 0% used [0x00000000f3b00000,0x00000000f3b00000,0x00000000f4080000)
 ParOldGen       total 32768K, used 6087K [0x00000000d1000000, 0x00000000d3000000, 0x00000000f0580000)
  object space 32768K, 18% used [0x00000000d1000000,0x00000000d15f1e60,0x00000000d3000000)
 Metaspace       used 17034K, capacity 17750K, committed 17920K, reserved 1064960K
  class space    used 2076K, capacity 2273K, committed 2304K, reserved 1048576K
GC Heap History (10 events):
Event: 1.260 GC heap before
{Heap before GC invocations=1 (full 0):
 PSYoungGen      total 14336K, used 12288K [0x00000000f0580000, 0x00000000f1580000, 0x0000000100000000)
  eden space 12288K, 100% used [0x00000000f0580000,0x00000000f1180000,0x00000000f1180000)
  from space 2048K, 0% used [0x00000000f1380000,0x00000000f1380000,0x00000000f1580000)
  to   space 2048K, 0% used [0x00000000f1180000,0x00000000f1180000,0x00000000f1380000)
 ParOldGen       total 32768K, used 0K [0x00000000d1000000, 0x00000000d3000000, 0x00000000f0580000)
  object space 32768K, 0% used [0x00000000d1000000,0x00000000d1000000,0x00000000d3000000)
 Metaspace       used 6777K, capacity 6880K, committed 7040K, reserved 1056768K
  class space    used 773K, capacity 819K, committed 896K, reserved 1048576K
Event: 1.264 GC heap after
Heap after GC invocations=1 (full 0):
 PSYoungGen      total 14336K, used 1796K [0x00000000f0580000, 0x00000000f1580000, 0x0000000100000000)
  eden space 12288K, 0% used [0x00000000f0580000,0x00000000f0580000,0x00000000f1180000)
  from space 2048K, 87% used [0x00000000f1180000,0x00000000f1341208,0x00000000f1380000)
  to   space 2048K, 0% used [0x00000000f1380000,0x00000000f1380000,0x00000000f1580000)
 ParOldGen       total 32768K, used 72K [0x00000000d1000000, 0x00000000d3000000, 0x00000000f0580000)
  object space 32768K, 0% used [0x00000000d1000000,0x00000000d1012010,0x00000000d3000000)
 Metaspace       used 6777K, capacity 6880K, committed 7040K, reserved 1056768K
  class space    used 773K, capacity 819K, committed 896K, reserved 1048576K
}
Event: 1.694 GC heap before
{Heap before GC invocations=2 (full 0):
 PSYoungGen      total 14336K, used 14084K [0x00000000f0580000, 0x00000000f1580000, 0x0000000100000000)
  eden space 12288K, 100% used [0x00000000f0580000,0x00000000f1180000,0x00000000f1180000)
  from space 2048K, 87% used [0x00000000f1180000,0x00000000f1341208,0x00000000f1380000)
  to   space 2048K, 0% used [0x00000000f1380000,0x00000000f1380000,0x00000000f1580000)
 ParOldGen       total 32768K, used 72K [0x00000000d1000000, 0x00000000d3000000, 0x00000000f0580000)
  object space 32768K, 0% used [0x00000000d1000000,0x00000000d1012010,0x00000000d3000000)
 Metaspace       used 8833K, capacity 8992K, committed 9088K, reserved 1056768K
  class space    used 1032K, capacity 1075K, committed 1152K, reserved 1048576K
Event: 1.705 GC heap after
Heap after GC invocations=2 (full 0):
 PSYoungGen      total 14336K, used 2045K [0x00000000f0580000, 0x00000000f2180000, 0x0000000100000000)
  eden space 12288K, 0% used [0x00000000f0580000,0x00000000f0580000,0x00000000f1180000)
  from space 2048K, 99% used [0x00000000f1380000,0x00000000f157f700,0x00000000f1580000)
  to   space 2048K, 0% used [0x00000000f1180000,0x00000000f1180000,0x00000000f1380000)
 ParOldGen       total 32768K, used 635K [0x00000000d1000000, 0x00000000d3000000, 0x00000000f0580000)
  object space 32768K, 1% used [0x00000000d1000000,0x00000000d109ec80,0x00000000d3000000)
 Metaspace       used 8833K, capacity 8992K, committed 9088K, reserved 1056768K
  class space    used 1032K, capacity 1075K, committed 1152K, reserved 1048576K
}
Event: 2.107 GC heap before
{Heap before GC invocations=3 (full 0):
 PSYoungGen      total 14336K, used 14333K [0x00000000f0580000, 0x00000000f2180000, 0x0000000100000000)
  eden space 12288K, 100% used [0x00000000f0580000,0x00000000f1180000,0x00000000f1180000)
  from space 2048K, 99% used [0x00000000f1380000,0x00000000f157f700,0x00000000f1580000)
  to   space 2048K, 0% used [0x00000000f1180000,0x00000000f1180000,0x00000000f1380000)
 ParOldGen       total 32768K, used 635K [0x00000000d1000000, 0x00000000d3000000, 0x00000000f0580000)
  object space 32768K, 1% used [0x00000000d1000000,0x00000000d109ec80,0x00000000d3000000)
 Metaspace       used 11651K, capacity 11846K, committed 12160K, reserved 1060864K
  class space    used 1339K, capacity 1383K, committed 1408K, reserved 1048576K
Event: 2.116 GC heap after
Heap after GC invocations=3 (full 0):
 PSYoungGen      total 14336K, used 2016K [0x00000000f0580000, 0x00000000f2180000, 0x0000000100000000)
  eden space 12288K, 0% used [0x00000000f0580000,0x00000000f0580000,0x00000000f1180000)
  from space 2048K, 98% used [0x00000000f1180000,0x00000000f1378030,0x00000000f1380000)
  to   space 2048K, 0% used [0x00000000f1f80000,0x00000000f1f80000,0x00000000f2180000)
 ParOldGen       total 32768K, used 1884K [0x00000000d1000000, 0x00000000d3000000, 0x00000000f0580000)
  object space 32768K, 5% used [0x00000000d1000000,0x00000000d11d7040,0x00000000d3000000)
 Metaspace       used 11651K, capacity 11846K, committed 12160K, reserved 1060864K
  class space    used 1339K, capacity 1383K, committed 1408K, reserved 1048576K
}
Event: 2.621 GC heap before
{Heap before GC invocations=4 (full 0):
 PSYoungGen      total 14336K, used 14304K [0x00000000f0580000, 0x00000000f2180000, 0x0000000100000000)
  eden space 12288K, 100% used [0x00000000f0580000,0x00000000f1180000,0x00000000f1180000)
  from space 2048K, 98% used [0x00000000f1180000,0x00000000f1378030,0x00000000f1380000)
  to   space 2048K, 0% used [0x00000000f1f80000,0x00000000f1f80000,0x00000000f2180000)
 ParOldGen       total 32768K, used 1884K [0x00000000d1000000, 0x00000000d3000000, 0x00000000f0580000)
  object space 32768K, 5% used [0x00000000d1000000,0x00000000d11d7040,0x00000000d3000000)
 Metaspace       used 12988K, capacity 13260K, committed 13440K, reserved 1060864K
  class space    used 1505K, capacity 1616K, committed 1664K, reserved 1048576K
Event: 2.627 GC heap after
Heap after GC invocations=4 (full 0):
 PSYoungGen      total 26624K, used 2016K [0x00000000f0580000, 0x00000000f2180000, 0x0000000100000000)
  eden space 24576K, 0% used [0x00000000f0580000,0x00000000f0580000,0x00000000f1d80000)
  from space 2048K, 98% used [0x00000000f1f80000,0x00000000f2178010,0x00000000f2180000)
  to   space 2048K, 0% used [0x00000000f1d80000,0x00000000f1d80000,0x00000000f1f80000)
 ParOldGen       total 32768K, used 3337K [0x00000000d1000000, 0x00000000d3000000, 0x00000000f0580000)
  object space 32768K, 10% used [0x00000000d1000000,0x00000000d13427b8,0x00000000d3000000)
 Metaspace       used 12988K, capacity 13260K, committed 13440K, reserved 1060864K
  class space    used 1505K, capacity 1616K, committed 1664K, reserved 1048576K
}
Event: 12.971 GC heap before
{Heap before GC invocations=5 (full 0):
 PSYoungGen      total 26624K, used 26592K [0x00000000f0580000, 0x00000000f2180000, 0x0000000100000000)
  eden space 24576K, 100% used [0x00000000f0580000,0x00000000f1d80000,0x00000000f1d80000)
  from space 2048K, 98% used [0x00000000f1f80000,0x00000000f2178010,0x00000000f2180000)
  to   space 2048K, 0% used [0x00000000f1d80000,0x00000000f1d80000,0x00000000f1f80000)
 ParOldGen       total 32768K, used 3337K [0x00000000d1000000, 0x00000000d3000000, 0x00000000f0580000)
  object space 32768K, 10% used [0x00000000d1000000,0x00000000d13427b8,0x00000000d3000000)
 Metaspace       used 16905K, capacity 17658K, committed 17920K, reserved 1064960K
  class space    used 2061K, capacity 2265K, committed 2304K, reserved 1048576K
Event: 13.021 GC heap after
Heap after GC invocations=5 (full 0):
 PSYoungGen      total 26624K, used 2016K [0x00000000f0580000, 0x00000000f4080000, 0x0000000100000000)
  eden space 24576K, 0% used [0x00000000f0580000,0x00000000f0580000,0x00000000f1d80000)
  from space 2048K, 98% used [0x00000000f1d80000,0x00000000f1f78030,0x00000000f1f80000)
  to   space 5632K, 0% used [0x00000000f3b00000,0x00000000f3b00000,0x00000000f4080000)
 ParOldGen       total 32768K, used 6087K [0x00000000d1000000, 0x00000000d3000000, 0x00000000f0580000)
  object space 32768K, 18% used [0x00000000d1000000,0x00000000d15f1e60,0x00000000d3000000)
 Metaspace       used 16905K, capacity 17658K, committed 17920K, reserved 1064960K
  class space    used 2061K, capacity 2265K, committed 2304K, reserved 1048576K
}

